=== Environment ===
Date: Mon 16 Mar 2026 05:32:31 AM UTC
Node: v22.22.1
npm: 10.9.4
pnpm: 10.28.1
OS: Linux 6.12.73+deb13-amd64 x86_64
Memory:                total        used        free      shared  buff/cache   available
Mem:           7.8Gi       5.7Gi       1.0Gi       1.1Gi       2.4Gi       2.1Gi

=== Varlock version ===
0.4.1

=== Varlock package.json ===
not found

=== .env.schema head ===
# @currentEnv=$APP_ENV
# @defaultSensitive=inferFromPrefix(VITE_)
# @defaultRequired=infer
# @generateTypes(lang=ts, path=./src/varlock-env.d.ts)
# ---

# === Environment ===

# Runtime environment selector for the demo app.
# Falls back to varlock's auto-detected env (Vercel, CI, branch signals).
# @public @type=enum(development, staging, preview, production, test)
APP_ENV=fallback($APP_ENV, $VARLOCK_ENV, "development")

# === Supabase ===

# Browser-safe Supabase project URL.
# @public @required @type=url
# @docs("Supabase JS client", https://supabase.com/docs/reference/javascript/initializing)
VITE_SUPABASE_URL=https://uwxumjrejpkwwzgvrjbv.supabase.co

